<?xml version="1.0" encoding="UTF-8"?>
<beans xmlns="http://www.springframework.org/schema/beans"
       xmlns:xsi="http://www.w3.org/2001/XMLSchema-instance"
       xmlns:context="http://www.springframework.org/schema/context"
       xmlns:mockito="http://www.mockito.org/spring/mockito"
       xsi:schemaLocation="http://www.springframework.org/schema/beans 
	       http://www.springframework.org/schema/beans/spring-beans.xsd
	       http://www.springframework.org/schema/context 
	       http://www.springframework.org/schema/context/spring-context-3.0.xsd"
	       >

  <bean id="accounting" class="org.mockito.Mockito" factory-method="mock">
    <constructor-arg value="org.powertac.common.interfaces.Accounting" />
  </bean>

  <bean id="competitionControl" class="org.mockito.Mockito" factory-method="mock">
    <constructor-arg value="org.powertac.common.interfaces.CompetitionControl" />
  </bean>

  <bean id="brokerProxy" class="org.mockito.Mockito" factory-method="mock">
    <constructor-arg value="org.powertac.common.interfaces.BrokerProxy" />
  </bean>

  <context:annotation-config />

  <bean id="auctionService"
        class="org.powertac.auctioneer.AuctionService">
        <property name="timeslotPhase">
                <value>1</value>
        </property>
  </bean>

  <bean id="auctionInitializationService"
        class="org.powertac.auctioneer.AuctionInitializationService">
  </bean>

  <bean id="timeService"
        class="org.powertac.common.TimeService">
  </bean>

  <bean id="timeslotRepo"
        class="org.powertac.common.repo.TimeslotRepo">
  </bean>
  
  <bean id="pluginConfigRepo"
        class="org.powertac.common.repo.PluginConfigRepo">
  </bean>
  
  <bean id="orderbookRepo"
        class="org.powertac.common.repo.OrderbookRepo">
  </bean>

  <bean id="springApplicationContext"
        class="org.powertac.common.spring.SpringApplicationContext" />

</beans>
